<?xml version="1.0" encoding="UTF-8"?>
<testng-results skipped="0" failed="2" total="70" passed="68">
  <reporter-output>
  </reporter-output>
  <suite name="CORE API TEST SUITE" duration-ms="17763" started-at="2017-04-25T03:45:09Z" finished-at="2017-04-25T03:45:27Z">
    <groups>
    </groups>
    <test name="CORE API Tests" duration-ms="17763" started-at="2017-04-25T03:45:09Z" finished-at="2017-04-25T03:45:27Z">
      <class name="com.phunware.core.api.tests.UserRole">
        <test-method status="PASS" signature="preTestSteps()[pri:0, instance:com.phunware.core.api.tests.UserRole@35bbe5e8]" name="preTestSteps" is-config="true" duration-ms="0" started-at="2017-04-24T22:45:24Z" finished-at="2017-04-24T22:45:24Z">
          <reporter-output>
          </reporter-output>
        </test-method> <!-- preTestSteps -->
        <test-method status="PASS" signature="verify_Get_User_Role()[pri:1, instance:com.phunware.core.api.tests.UserRole@35bbe5e8]" name="verify_Get_User_Role" duration-ms="281" started-at="2017-04-24T22:45:24Z" finished-at="2017-04-24T22:45:24Z">
          <reporter-output>
          </reporter-output>
        </test-method> <!-- verify_Get_User_Role -->
        <test-method status="PASS" signature="verify_Get_UserRole_NonExistant_OrgID()[pri:2, instance:com.phunware.core.api.tests.UserRole@35bbe5e8]" name="verify_Get_UserRole_NonExistant_OrgID" duration-ms="183" started-at="2017-04-24T22:45:24Z" finished-at="2017-04-24T22:45:24Z">
          <reporter-output>
          </reporter-output>
        </test-method> <!-- verify_Get_UserRole_NonExistant_OrgID -->
        <test-method status="PASS" signature="verify_Get_UserRole_Invalid_parameter_Structure()[pri:3, instance:com.phunware.core.api.tests.UserRole@35bbe5e8]" name="verify_Get_UserRole_Invalid_parameter_Structure" duration-ms="176" started-at="2017-04-24T22:45:24Z" finished-at="2017-04-24T22:45:24Z">
          <reporter-output>
          </reporter-output>
        </test-method> <!-- verify_Get_UserRole_Invalid_parameter_Structure -->
        <test-method status="PASS" signature="verify_Get_USerRole_InvalidAuth()[pri:4, instance:com.phunware.core.api.tests.UserRole@35bbe5e8]" name="verify_Get_USerRole_InvalidAuth" duration-ms="168" started-at="2017-04-24T22:45:24Z" finished-at="2017-04-24T22:45:24Z">
          <reporter-output>
          </reporter-output>
        </test-method> <!-- verify_Get_USerRole_InvalidAuth -->
        <test-method status="PASS" signature="verify_Get_UserRole_Pagination()[pri:5, instance:com.phunware.core.api.tests.UserRole@35bbe5e8]" name="verify_Get_UserRole_Pagination" duration-ms="546" started-at="2017-04-24T22:45:24Z" finished-at="2017-04-24T22:45:25Z">
          <reporter-output>
          </reporter-output>
        </test-method> <!-- verify_Get_UserRole_Pagination -->
        <test-method status="PASS" signature="verify_Get_UserRole_Pagination_NonExistant_OrgID()[pri:6, instance:com.phunware.core.api.tests.UserRole@35bbe5e8]" name="verify_Get_UserRole_Pagination_NonExistant_OrgID" duration-ms="181" started-at="2017-04-24T22:45:25Z" finished-at="2017-04-24T22:45:25Z">
          <reporter-output>
          </reporter-output>
        </test-method> <!-- verify_Get_UserRole_Pagination_NonExistant_OrgID -->
        <test-method status="PASS" signature="verify_Get_UserRole_Pagination_InvalidAuth()[pri:7, instance:com.phunware.core.api.tests.UserRole@35bbe5e8]" name="verify_Get_UserRole_Pagination_InvalidAuth" duration-ms="169" started-at="2017-04-24T22:45:25Z" finished-at="2017-04-24T22:45:25Z">
          <reporter-output>
          </reporter-output>
        </test-method> <!-- verify_Get_UserRole_Pagination_InvalidAuth -->
        <test-method status="PASS" signature="verify_Post_Create_New_UserRole()[pri:8, instance:com.phunware.core.api.tests.UserRole@35bbe5e8]" name="verify_Post_Create_New_UserRole" duration-ms="223" started-at="2017-04-24T22:45:25Z" finished-at="2017-04-24T22:45:26Z">
          <reporter-output>
          </reporter-output>
        </test-method> <!-- verify_Post_Create_New_UserRole -->
        <test-method status="PASS" signature="verify_Post_Create_New_UserRole_InvalidAuth()[pri:10, instance:com.phunware.core.api.tests.UserRole@35bbe5e8]" name="verify_Post_Create_New_UserRole_InvalidAuth" duration-ms="168" started-at="2017-04-24T22:45:26Z" finished-at="2017-04-24T22:45:26Z">
          <reporter-output>
          </reporter-output>
        </test-method> <!-- verify_Post_Create_New_UserRole_InvalidAuth -->
        <test-method status="PASS" signature="verify_Put_Update_Organization()[pri:11, instance:com.phunware.core.api.tests.UserRole@35bbe5e8]" name="verify_Put_Update_Organization" duration-ms="205" started-at="2017-04-24T22:45:26Z" finished-at="2017-04-24T22:45:26Z">
          <reporter-output>
          </reporter-output>
        </test-method> <!-- verify_Put_Update_Organization -->
        <test-method status="PASS" signature="verify_Put_Update_Organization_EmptyName_InRequestBody()[pri:12, instance:com.phunware.core.api.tests.UserRole@35bbe5e8]" name="verify_Put_Update_Organization_EmptyName_InRequestBody" duration-ms="200" started-at="2017-04-24T22:45:26Z" finished-at="2017-04-24T22:45:26Z">
          <reporter-output>
          </reporter-output>
        </test-method> <!-- verify_Put_Update_Organization_EmptyName_InRequestBody -->
        <test-method status="PASS" signature="verify_Put_Update_Organization_InvalidOrganization()[pri:13, instance:com.phunware.core.api.tests.UserRole@35bbe5e8]" name="verify_Put_Update_Organization_InvalidOrganization" duration-ms="296" started-at="2017-04-24T22:45:26Z" finished-at="2017-04-24T22:45:26Z">
          <reporter-output>
          </reporter-output>
        </test-method> <!-- verify_Put_Update_Organization_InvalidOrganization -->
        <test-method status="PASS" signature="verify_Delete_ExistingUserRole()[pri:14, instance:com.phunware.core.api.tests.UserRole@35bbe5e8]" name="verify_Delete_ExistingUserRole" duration-ms="326" started-at="2017-04-24T22:45:26Z" finished-at="2017-04-24T22:45:27Z">
          <reporter-output>
          </reporter-output>
        </test-method> <!-- verify_Delete_ExistingUserRole -->
      </class> <!-- com.phunware.core.api.tests.UserRole -->
      <class name="com.phunware.core.api.tests.User">
        <test-method status="PASS" signature="preTestSteps()[pri:0, instance:com.phunware.core.api.tests.User@7dc36524]" name="preTestSteps" is-config="true" duration-ms="1" started-at="2017-04-24T22:45:19Z" finished-at="2017-04-24T22:45:19Z">
          <reporter-output>
          </reporter-output>
        </test-method> <!-- preTestSteps -->
        <test-method status="PASS" signature="verify_Get_User_Role()[pri:1, instance:com.phunware.core.api.tests.User@7dc36524]" name="verify_Get_User_Role" duration-ms="210" started-at="2017-04-24T22:45:19Z" finished-at="2017-04-24T22:45:19Z">
          <reporter-output>
          </reporter-output>
        </test-method> <!-- verify_Get_User_Role -->
        <test-method status="PASS" signature="verify_Get_User_Role_InvalidUserID()[pri:2, instance:com.phunware.core.api.tests.User@7dc36524]" name="verify_Get_User_Role_InvalidUserID" duration-ms="185" started-at="2017-04-24T22:45:19Z" finished-at="2017-04-24T22:45:19Z">
          <reporter-output>
          </reporter-output>
        </test-method> <!-- verify_Get_User_Role_InvalidUserID -->
        <test-method status="PASS" signature="verify_Get_User_Role_InvalidAuth()[pri:3, instance:com.phunware.core.api.tests.User@7dc36524]" name="verify_Get_User_Role_InvalidAuth" duration-ms="177" started-at="2017-04-24T22:45:19Z" finished-at="2017-04-24T22:45:19Z">
          <reporter-output>
          </reporter-output>
        </test-method> <!-- verify_Get_User_Role_InvalidAuth -->
        <test-method status="PASS" signature="verify_Get_Authenticate_User()[pri:4, instance:com.phunware.core.api.tests.User@7dc36524]" name="verify_Get_Authenticate_User" duration-ms="231" started-at="2017-04-24T22:45:19Z" finished-at="2017-04-24T22:45:20Z">
          <reporter-output>
          </reporter-output>
        </test-method> <!-- verify_Get_Authenticate_User -->
        <test-method status="PASS" signature="verify_Get_Authenticate_User_Invalid_Credentials()[pri:5, instance:com.phunware.core.api.tests.User@7dc36524]" name="verify_Get_Authenticate_User_Invalid_Credentials" duration-ms="159" started-at="2017-04-24T22:45:20Z" finished-at="2017-04-24T22:45:20Z">
          <reporter-output>
          </reporter-output>
        </test-method> <!-- verify_Get_Authenticate_User_Invalid_Credentials -->
        <test-method status="PASS" signature="verify_Get_Authenticate_User_Empty_Credentials()[pri:6, instance:com.phunware.core.api.tests.User@7dc36524]" name="verify_Get_Authenticate_User_Empty_Credentials" duration-ms="161" started-at="2017-04-24T22:45:20Z" finished-at="2017-04-24T22:45:20Z">
          <reporter-output>
          </reporter-output>
        </test-method> <!-- verify_Get_Authenticate_User_Empty_Credentials -->
        <test-method status="PASS" signature="verify_Get_UserPagination()[pri:7, instance:com.phunware.core.api.tests.User@7dc36524]" name="verify_Get_UserPagination" duration-ms="298" started-at="2017-04-24T22:45:20Z" finished-at="2017-04-24T22:45:20Z">
          <reporter-output>
          </reporter-output>
        </test-method> <!-- verify_Get_UserPagination -->
        <test-method status="PASS" signature="verify_Get_UserPagination_NullName()[pri:8, instance:com.phunware.core.api.tests.User@7dc36524]" name="verify_Get_UserPagination_NullName" duration-ms="289" started-at="2017-04-24T22:45:20Z" finished-at="2017-04-24T22:45:20Z">
          <reporter-output>
          </reporter-output>
        </test-method> <!-- verify_Get_UserPagination_NullName -->
        <test-method status="PASS" signature="verify_post_CreateNewUser()[pri:9, instance:com.phunware.core.api.tests.User@7dc36524]" name="verify_post_CreateNewUser" duration-ms="262" started-at="2017-04-24T22:45:20Z" finished-at="2017-04-24T22:45:21Z">
          <reporter-output>
          </reporter-output>
        </test-method> <!-- verify_post_CreateNewUser -->
        <test-method status="PASS" signature="verify_post_CreateNewUser_Empty_FirstNameIn_Body()[pri:10, instance:com.phunware.core.api.tests.User@7dc36524]" name="verify_post_CreateNewUser_Empty_FirstNameIn_Body" duration-ms="301" started-at="2017-04-24T22:45:21Z" finished-at="2017-04-24T22:45:21Z">
          <reporter-output>
          </reporter-output>
        </test-method> <!-- verify_post_CreateNewUser_Empty_FirstNameIn_Body -->
        <test-method status="PASS" signature="verify_post_CreateNewUser_Empty_LastNameIn_Body()[pri:11, instance:com.phunware.core.api.tests.User@7dc36524]" name="verify_post_CreateNewUser_Empty_LastNameIn_Body" duration-ms="285" started-at="2017-04-24T22:45:21Z" finished-at="2017-04-24T22:45:21Z">
          <reporter-output>
          </reporter-output>
        </test-method> <!-- verify_post_CreateNewUser_Empty_LastNameIn_Body -->
        <test-method status="PASS" signature="verify_post_CreateNewUser_Empty_email()[pri:12, instance:com.phunware.core.api.tests.User@7dc36524]" name="verify_post_CreateNewUser_Empty_email" duration-ms="242" started-at="2017-04-24T22:45:21Z" finished-at="2017-04-24T22:45:21Z">
          <reporter-output>
          </reporter-output>
        </test-method> <!-- verify_post_CreateNewUser_Empty_email -->
        <test-method status="FAIL" signature="verify_post_CreateNewUser_Null_Timezone()[pri:13, instance:com.phunware.core.api.tests.User@7dc36524]" name="verify_post_CreateNewUser_Null_Timezone" duration-ms="177" started-at="2017-04-24T22:45:21Z" finished-at="2017-04-24T22:45:22Z">
          <exception class="java.lang.AssertionError">
            <message>
              <![CDATA[1 expectation failed.
Expected status code <400> doesn't match actual status code <500>.
]]>
            </message>
            <full-stacktrace>
              <![CDATA[java.lang.AssertionError: 1 expectation failed.
Expected status code <400> doesn't match actual status code <500>.

	at sun.reflect.NativeConstructorAccessorImpl.newInstance0(Native Method)
	at sun.reflect.NativeConstructorAccessorImpl.newInstance(NativeConstructorAccessorImpl.java:62)
	at sun.reflect.DelegatingConstructorAccessorImpl.newInstance(DelegatingConstructorAccessorImpl.java:45)
	at java.lang.reflect.Constructor.newInstance(Constructor.java:422)
	at org.codehaus.groovy.reflection.CachedConstructor.invoke(CachedConstructor.java:83)
	at org.codehaus.groovy.reflection.CachedConstructor.doConstructorInvoke(CachedConstructor.java:77)
	at org.codehaus.groovy.runtime.callsite.ConstructorSite$ConstructorSiteNoUnwrap.callConstructor(ConstructorSite.java:84)
	at org.codehaus.groovy.runtime.callsite.CallSiteArray.defaultCallConstructor(CallSiteArray.java:60)
	at org.codehaus.groovy.runtime.callsite.AbstractCallSite.callConstructor(AbstractCallSite.java:235)
	at org.codehaus.groovy.runtime.callsite.AbstractCallSite.callConstructor(AbstractCallSite.java:247)
	at io.restassured.internal.ResponseSpecificationImpl$HamcrestAssertionClosure.validate(ResponseSpecificationImpl.groovy:451)
	at io.restassured.internal.ResponseSpecificationImpl$HamcrestAssertionClosure$validate$1.call(Unknown Source)
	at io.restassured.internal.ResponseSpecificationImpl.validateResponseIfRequired(ResponseSpecificationImpl.groovy:613)
	at sun.reflect.GeneratedMethodAccessor52.invoke(Unknown Source)
	at sun.reflect.DelegatingMethodAccessorImpl.invoke(DelegatingMethodAccessorImpl.java:43)
	at java.lang.reflect.Method.invoke(Method.java:497)
	at org.codehaus.groovy.runtime.callsite.PogoMetaMethodSite$PogoCachedMethodSiteNoUnwrapNoCoerce.invoke(PogoMetaMethodSite.java:210)
	at org.codehaus.groovy.runtime.callsite.PogoMetaMethodSite.callCurrent(PogoMetaMethodSite.java:59)
	at org.codehaus.groovy.runtime.callsite.AbstractCallSite.callCurrent(AbstractCallSite.java:166)
	at io.restassured.internal.ResponseSpecificationImpl.statusCode(ResponseSpecificationImpl.groovy:120)
	at io.restassured.specification.ResponseSpecification$statusCode$0.callCurrent(Unknown Source)
	at io.restassured.internal.ResponseSpecificationImpl.statusCode(ResponseSpecificationImpl.groovy:128)
	at io.restassured.internal.ValidatableResponseOptionsImpl.statusCode(ValidatableResponseOptionsImpl.java:117)
	at com.phunware.core.api.tests.User.verify_post_CreateNewUser_Null_Timezone(User.java:537)
	at sun.reflect.NativeMethodAccessorImpl.invoke0(Native Method)
	at sun.reflect.NativeMethodAccessorImpl.invoke(NativeMethodAccessorImpl.java:62)
	at sun.reflect.DelegatingMethodAccessorImpl.invoke(DelegatingMethodAccessorImpl.java:43)
	at java.lang.reflect.Method.invoke(Method.java:497)
	at org.testng.internal.MethodInvocationHelper.invokeMethod(MethodInvocationHelper.java:86)
	at org.testng.internal.Invoker.invokeMethod(Invoker.java:643)
	at org.testng.internal.Invoker.invokeTestMethod(Invoker.java:820)
	at org.testng.internal.Invoker.invokeTestMethods(Invoker.java:1128)
	at org.testng.internal.TestMethodWorker.invokeTestMethods(TestMethodWorker.java:129)
	at org.testng.internal.TestMethodWorker.run(TestMethodWorker.java:112)
	at org.testng.TestRunner.privateRun(TestRunner.java:782)
	at org.testng.TestRunner.run(TestRunner.java:632)
	at org.testng.SuiteRunner.runTest(SuiteRunner.java:366)
	at org.testng.SuiteRunner.runSequentially(SuiteRunner.java:361)
	at org.testng.SuiteRunner.privateRun(SuiteRunner.java:319)
	at org.testng.SuiteRunner.run(SuiteRunner.java:268)
	at org.testng.SuiteRunnerWorker.runSuite(SuiteRunnerWorker.java:52)
	at org.testng.SuiteRunnerWorker.run(SuiteRunnerWorker.java:86)
	at org.testng.TestNG.runSuitesSequentially(TestNG.java:1244)
	at org.testng.TestNG.runSuitesLocally(TestNG.java:1169)
	at org.testng.TestNG.run(TestNG.java:1064)
	at org.testng.IDEARemoteTestNG.run(IDEARemoteTestNG.java:72)
	at org.testng.RemoteTestNGStarter.main(RemoteTestNGStarter.java:122)
	at sun.reflect.NativeMethodAccessorImpl.invoke0(Native Method)
	at sun.reflect.NativeMethodAccessorImpl.invoke(NativeMethodAccessorImpl.java:62)
	at sun.reflect.DelegatingMethodAccessorImpl.invoke(DelegatingMethodAccessorImpl.java:43)
	at java.lang.reflect.Method.invoke(Method.java:497)
	at com.intellij.rt.execution.application.AppMain.main(AppMain.java:144)
]]>
            </full-stacktrace>
          </exception> <!-- java.lang.AssertionError -->
          <reporter-output>
          </reporter-output>
        </test-method> <!-- verify_post_CreateNewUser_Null_Timezone -->
        <test-method status="FAIL" signature="verify_post_CreateNewUser_Null_isActive()[pri:14, instance:com.phunware.core.api.tests.User@7dc36524]" name="verify_post_CreateNewUser_Null_isActive" duration-ms="172" started-at="2017-04-24T22:45:22Z" finished-at="2017-04-24T22:45:22Z">
          <exception class="java.lang.AssertionError">
            <message>
              <![CDATA[1 expectation failed.
Expected status code <400> doesn't match actual status code <500>.
]]>
            </message>
            <full-stacktrace>
              <![CDATA[java.lang.AssertionError: 1 expectation failed.
Expected status code <400> doesn't match actual status code <500>.

	at sun.reflect.NativeConstructorAccessorImpl.newInstance0(Native Method)
	at sun.reflect.NativeConstructorAccessorImpl.newInstance(NativeConstructorAccessorImpl.java:62)
	at sun.reflect.DelegatingConstructorAccessorImpl.newInstance(DelegatingConstructorAccessorImpl.java:45)
	at java.lang.reflect.Constructor.newInstance(Constructor.java:422)
	at org.codehaus.groovy.reflection.CachedConstructor.invoke(CachedConstructor.java:83)
	at org.codehaus.groovy.reflection.CachedConstructor.doConstructorInvoke(CachedConstructor.java:77)
	at org.codehaus.groovy.runtime.callsite.ConstructorSite$ConstructorSiteNoUnwrap.callConstructor(ConstructorSite.java:84)
	at org.codehaus.groovy.runtime.callsite.AbstractCallSite.callConstructor(AbstractCallSite.java:247)
	at io.restassured.internal.ResponseSpecificationImpl$HamcrestAssertionClosure.validate(ResponseSpecificationImpl.groovy:451)
	at io.restassured.internal.ResponseSpecificationImpl$HamcrestAssertionClosure$validate$1.call(Unknown Source)
	at io.restassured.internal.ResponseSpecificationImpl.validateResponseIfRequired(ResponseSpecificationImpl.groovy:613)
	at sun.reflect.GeneratedMethodAccessor52.invoke(Unknown Source)
	at sun.reflect.DelegatingMethodAccessorImpl.invoke(DelegatingMethodAccessorImpl.java:43)
	at java.lang.reflect.Method.invoke(Method.java:497)
	at org.codehaus.groovy.runtime.callsite.PogoMetaMethodSite$PogoCachedMethodSiteNoUnwrapNoCoerce.invoke(PogoMetaMethodSite.java:210)
	at org.codehaus.groovy.runtime.callsite.PogoMetaMethodSite.callCurrent(PogoMetaMethodSite.java:59)
	at org.codehaus.groovy.runtime.callsite.AbstractCallSite.callCurrent(AbstractCallSite.java:166)
	at io.restassured.internal.ResponseSpecificationImpl.statusCode(ResponseSpecificationImpl.groovy:120)
	at io.restassured.specification.ResponseSpecification$statusCode$0.callCurrent(Unknown Source)
	at io.restassured.internal.ResponseSpecificationImpl.statusCode(ResponseSpecificationImpl.groovy:128)
	at io.restassured.internal.ValidatableResponseOptionsImpl.statusCode(ValidatableResponseOptionsImpl.java:117)
	at com.phunware.core.api.tests.User.verify_post_CreateNewUser_Null_isActive(User.java:568)
	at sun.reflect.NativeMethodAccessorImpl.invoke0(Native Method)
	at sun.reflect.NativeMethodAccessorImpl.invoke(NativeMethodAccessorImpl.java:62)
	at sun.reflect.DelegatingMethodAccessorImpl.invoke(DelegatingMethodAccessorImpl.java:43)
	at java.lang.reflect.Method.invoke(Method.java:497)
	at org.testng.internal.MethodInvocationHelper.invokeMethod(MethodInvocationHelper.java:86)
	at org.testng.internal.Invoker.invokeMethod(Invoker.java:643)
	at org.testng.internal.Invoker.invokeTestMethod(Invoker.java:820)
	at org.testng.internal.Invoker.invokeTestMethods(Invoker.java:1128)
	at org.testng.internal.TestMethodWorker.invokeTestMethods(TestMethodWorker.java:129)
	at org.testng.internal.TestMethodWorker.run(TestMethodWorker.java:112)
	at org.testng.TestRunner.privateRun(TestRunner.java:782)
	at org.testng.TestRunner.run(TestRunner.java:632)
	at org.testng.SuiteRunner.runTest(SuiteRunner.java:366)
	at org.testng.SuiteRunner.runSequentially(SuiteRunner.java:361)
	at org.testng.SuiteRunner.privateRun(SuiteRunner.java:319)
	at org.testng.SuiteRunner.run(SuiteRunner.java:268)
	at org.testng.SuiteRunnerWorker.runSuite(SuiteRunnerWorker.java:52)
	at org.testng.SuiteRunnerWorker.run(SuiteRunnerWorker.java:86)
	at org.testng.TestNG.runSuitesSequentially(TestNG.java:1244)
	at org.testng.TestNG.runSuitesLocally(TestNG.java:1169)
	at org.testng.TestNG.run(TestNG.java:1064)
	at org.testng.IDEARemoteTestNG.run(IDEARemoteTestNG.java:72)
	at org.testng.RemoteTestNGStarter.main(RemoteTestNGStarter.java:122)
	at sun.reflect.NativeMethodAccessorImpl.invoke0(Native Method)
	at sun.reflect.NativeMethodAccessorImpl.invoke(NativeMethodAccessorImpl.java:62)
	at sun.reflect.DelegatingMethodAccessorImpl.invoke(DelegatingMethodAccessorImpl.java:43)
	at java.lang.reflect.Method.invoke(Method.java:497)
	at com.intellij.rt.execution.application.AppMain.main(AppMain.java:144)
]]>
            </full-stacktrace>
          </exception> <!-- java.lang.AssertionError -->
          <reporter-output>
          </reporter-output>
        </test-method> <!-- verify_post_CreateNewUser_Null_isActive -->
        <test-method status="PASS" signature="verify_post_CreateNewUser_Empty_Password()[pri:15, instance:com.phunware.core.api.tests.User@7dc36524]" name="verify_post_CreateNewUser_Empty_Password" duration-ms="163" started-at="2017-04-24T22:45:22Z" finished-at="2017-04-24T22:45:22Z">
          <reporter-output>
          </reporter-output>
        </test-method> <!-- verify_post_CreateNewUser_Empty_Password -->
        <test-method status="PASS" signature="verify_put_UpdateExistingUser()[pri:16, instance:com.phunware.core.api.tests.User@7dc36524]" name="verify_put_UpdateExistingUser" duration-ms="214" started-at="2017-04-24T22:45:22Z" finished-at="2017-04-24T22:45:22Z">
          <reporter-output>
          </reporter-output>
        </test-method> <!-- verify_put_UpdateExistingUser -->
        <test-method status="PASS" signature="verify_put_UpdateExistingUser_NullEmail_EmptyPassword_ValuesInBody()[pri:17, instance:com.phunware.core.api.tests.User@7dc36524]" name="verify_put_UpdateExistingUser_NullEmail_EmptyPassword_ValuesInBody" duration-ms="180" started-at="2017-04-24T22:45:22Z" finished-at="2017-04-24T22:45:22Z">
          <reporter-output>
          </reporter-output>
        </test-method> <!-- verify_put_UpdateExistingUser_NullEmail_EmptyPassword_ValuesInBody -->
        <test-method status="PASS" signature="verify_put_Change_Password_ExistingUser()[pri:18, instance:com.phunware.core.api.tests.User@7dc36524]" name="verify_put_Change_Password_ExistingUser" duration-ms="181" started-at="2017-04-24T22:45:22Z" finished-at="2017-04-24T22:45:23Z">
          <reporter-output>
          </reporter-output>
        </test-method> <!-- verify_put_Change_Password_ExistingUser -->
        <test-method status="PASS" signature="verify_put_Change_Password_InvalidBodyParameters()[pri:19, instance:com.phunware.core.api.tests.User@7dc36524]" name="verify_put_Change_Password_InvalidBodyParameters" duration-ms="182" started-at="2017-04-24T22:45:23Z" finished-at="2017-04-24T22:45:23Z">
          <reporter-output>
          </reporter-output>
        </test-method> <!-- verify_put_Change_Password_InvalidBodyParameters -->
        <test-method status="PASS" signature="verify_put_Reset_Password_ExistingUser()[pri:20, instance:com.phunware.core.api.tests.User@7dc36524]" name="verify_put_Reset_Password_ExistingUser" duration-ms="170" started-at="2017-04-24T22:45:23Z" finished-at="2017-04-24T22:45:23Z">
          <reporter-output>
          </reporter-output>
        </test-method> <!-- verify_put_Reset_Password_ExistingUser -->
        <test-method status="PASS" signature="verify_put_Reset_Password_InvalidBodyParameters()[pri:21, instance:com.phunware.core.api.tests.User@7dc36524]" name="verify_put_Reset_Password_InvalidBodyParameters" duration-ms="174" started-at="2017-04-24T22:45:23Z" finished-at="2017-04-24T22:45:23Z">
          <reporter-output>
          </reporter-output>
        </test-method> <!-- verify_put_Reset_Password_InvalidBodyParameters -->
        <test-method status="PASS" signature="verify_put_Submit_NEw_Password_ExistingUser()[pri:22, instance:com.phunware.core.api.tests.User@7dc36524]" name="verify_put_Submit_NEw_Password_ExistingUser" duration-ms="11" started-at="2017-04-24T22:45:23Z" finished-at="2017-04-24T22:45:23Z">
          <reporter-output>
          </reporter-output>
        </test-method> <!-- verify_put_Submit_NEw_Password_ExistingUser -->
        <test-method status="PASS" signature="verify_delete_ExistingUser()[pri:23, instance:com.phunware.core.api.tests.User@7dc36524]" name="verify_delete_ExistingUser" duration-ms="224" started-at="2017-04-24T22:45:23Z" finished-at="2017-04-24T22:45:23Z">
          <reporter-output>
          </reporter-output>
        </test-method> <!-- verify_delete_ExistingUser -->
        <test-method status="PASS" signature="verify_delete_Invaliduser()[pri:24, instance:com.phunware.core.api.tests.User@7dc36524]" name="verify_delete_Invaliduser" duration-ms="171" started-at="2017-04-24T22:45:23Z" finished-at="2017-04-24T22:45:24Z">
          <reporter-output>
          </reporter-output>
        </test-method> <!-- verify_delete_Invaliduser -->
        <test-method status="PASS" signature="verify_delete_ExistingUser_InvalidAuth()[pri:25, instance:com.phunware.core.api.tests.User@7dc36524]" name="verify_delete_ExistingUser_InvalidAuth" duration-ms="157" started-at="2017-04-24T22:45:24Z" finished-at="2017-04-24T22:45:24Z">
          <reporter-output>
          </reporter-output>
        </test-method> <!-- verify_delete_ExistingUser_InvalidAuth -->
      </class> <!-- com.phunware.core.api.tests.User -->
      <class name="com.phunware.core.api.tests.Client">
        <test-method status="PASS" signature="preTestSteps()[pri:0, instance:com.phunware.core.api.tests.Client@75bd9247]" name="preTestSteps" is-config="true" duration-ms="86" started-at="2017-04-24T22:45:09Z" finished-at="2017-04-24T22:45:09Z">
          <reporter-output>
          </reporter-output>
        </test-method> <!-- preTestSteps -->
        <test-method status="PASS" signature="verify_Get_ClientDetails()[pri:1, instance:com.phunware.core.api.tests.Client@75bd9247]" name="verify_Get_ClientDetails" duration-ms="2013" started-at="2017-04-24T22:45:09Z" finished-at="2017-04-24T22:45:11Z">
          <reporter-output>
          </reporter-output>
        </test-method> <!-- verify_Get_ClientDetails -->
        <test-method status="PASS" signature="verify_Get_ClientDetails_InvalidCLIENT_ID()[pri:2, instance:com.phunware.core.api.tests.Client@75bd9247]" name="verify_Get_ClientDetails_InvalidCLIENT_ID" duration-ms="194" started-at="2017-04-24T22:45:11Z" finished-at="2017-04-24T22:45:11Z">
          <reporter-output>
          </reporter-output>
        </test-method> <!-- verify_Get_ClientDetails_InvalidCLIENT_ID -->
        <test-method status="PASS" signature="verify_Get_ClientDetails_InvalidAuth()[pri:3, instance:com.phunware.core.api.tests.Client@75bd9247]" name="verify_Get_ClientDetails_InvalidAuth" duration-ms="176" started-at="2017-04-24T22:45:11Z" finished-at="2017-04-24T22:45:12Z">
          <reporter-output>
          </reporter-output>
        </test-method> <!-- verify_Get_ClientDetails_InvalidAuth -->
        <test-method status="PASS" signature="verify_Get_ClientTypes()[pri:4, instance:com.phunware.core.api.tests.Client@75bd9247]" name="verify_Get_ClientTypes" duration-ms="228" started-at="2017-04-24T22:45:12Z" finished-at="2017-04-24T22:45:12Z">
          <reporter-output>
          </reporter-output>
        </test-method> <!-- verify_Get_ClientTypes -->
        <test-method status="PASS" signature="verify_Get_ClientTypes_InvalidAuth()[pri:5, instance:com.phunware.core.api.tests.Client@75bd9247]" name="verify_Get_ClientTypes_InvalidAuth" duration-ms="168" started-at="2017-04-24T22:45:12Z" finished-at="2017-04-24T22:45:12Z">
          <reporter-output>
          </reporter-output>
        </test-method> <!-- verify_Get_ClientTypes_InvalidAuth -->
        <test-method status="PASS" signature="verify_Get_Client_Categories()[pri:6, instance:com.phunware.core.api.tests.Client@75bd9247]" name="verify_Get_Client_Categories" duration-ms="229" started-at="2017-04-24T22:45:12Z" finished-at="2017-04-24T22:45:12Z">
          <reporter-output>
          </reporter-output>
        </test-method> <!-- verify_Get_Client_Categories -->
        <test-method status="PASS" signature="verify_Get_Client_Categories_InvalidAuth()[pri:7, instance:com.phunware.core.api.tests.Client@75bd9247]" name="verify_Get_Client_Categories_InvalidAuth" duration-ms="180" started-at="2017-04-24T22:45:12Z" finished-at="2017-04-24T22:45:12Z">
          <reporter-output>
          </reporter-output>
        </test-method> <!-- verify_Get_Client_Categories_InvalidAuth -->
        <test-method status="PASS" signature="verify_Get_Client_Pagination()[pri:8, instance:com.phunware.core.api.tests.Client@75bd9247]" name="verify_Get_Client_Pagination" duration-ms="327" started-at="2017-04-24T22:45:12Z" finished-at="2017-04-24T22:45:13Z">
          <reporter-output>
          </reporter-output>
        </test-method> <!-- verify_Get_Client_Pagination -->
        <test-method status="PASS" signature="verify_Get_Client_Pagination_InvalidAuth()[pri:9, instance:com.phunware.core.api.tests.Client@75bd9247]" name="verify_Get_Client_Pagination_InvalidAuth" duration-ms="185" started-at="2017-04-24T22:45:13Z" finished-at="2017-04-24T22:45:13Z">
          <reporter-output>
          </reporter-output>
        </test-method> <!-- verify_Get_Client_Pagination_InvalidAuth -->
        <test-method status="PASS" signature="verify_Post_New_Client()[pri:10, instance:com.phunware.core.api.tests.Client@75bd9247]" name="verify_Post_New_Client" duration-ms="1035" started-at="2017-04-24T22:45:13Z" finished-at="2017-04-24T22:45:14Z">
          <reporter-output>
          </reporter-output>
        </test-method> <!-- verify_Post_New_Client -->
        <test-method status="PASS" signature="verify_Post_New_Client_emptyOrgID()[pri:11, instance:com.phunware.core.api.tests.Client@75bd9247]" name="verify_Post_New_Client_emptyOrgID" duration-ms="186" started-at="2017-04-24T22:45:14Z" finished-at="2017-04-24T22:45:14Z">
          <reporter-output>
          </reporter-output>
        </test-method> <!-- verify_Post_New_Client_emptyOrgID -->
        <test-method status="PASS" signature="verify_Post_New_Client_emptyCategoryID()[pri:12, instance:com.phunware.core.api.tests.Client@75bd9247]" name="verify_Post_New_Client_emptyCategoryID" duration-ms="195" started-at="2017-04-24T22:45:14Z" finished-at="2017-04-24T22:45:14Z">
          <reporter-output>
          </reporter-output>
        </test-method> <!-- verify_Post_New_Client_emptyCategoryID -->
        <test-method status="PASS" signature="verify_Post_New_Client_emptyType()[pri:13, instance:com.phunware.core.api.tests.Client@75bd9247]" name="verify_Post_New_Client_emptyType" duration-ms="184" started-at="2017-04-24T22:45:14Z" finished-at="2017-04-24T22:45:14Z">
          <reporter-output>
          </reporter-output>
        </test-method> <!-- verify_Post_New_Client_emptyType -->
        <test-method status="PASS" signature="verify_Post_New_Client_emptyName()[pri:14, instance:com.phunware.core.api.tests.Client@75bd9247]" name="verify_Post_New_Client_emptyName" duration-ms="175" started-at="2017-04-24T22:45:14Z" finished-at="2017-04-24T22:45:15Z">
          <reporter-output>
          </reporter-output>
        </test-method> <!-- verify_Post_New_Client_emptyName -->
        <test-method status="PASS" signature="verify_Put_Update_Existing_Client()[pri:15, instance:com.phunware.core.api.tests.Client@75bd9247]" name="verify_Put_Update_Existing_Client" duration-ms="223" started-at="2017-04-24T22:45:15Z" finished-at="2017-04-24T22:45:15Z">
          <reporter-output>
          </reporter-output>
        </test-method> <!-- verify_Put_Update_Existing_Client -->
        <test-method status="PASS" signature="verify_Put_Update_Existing_Client_InvalidAuth()[pri:16, instance:com.phunware.core.api.tests.Client@75bd9247]" name="verify_Put_Update_Existing_Client_InvalidAuth" duration-ms="183" started-at="2017-04-24T22:45:15Z" finished-at="2017-04-24T22:45:15Z">
          <reporter-output>
          </reporter-output>
        </test-method> <!-- verify_Put_Update_Existing_Client_InvalidAuth -->
        <test-method status="PASS" signature="verify_Put_Update_Invalid_Client()[pri:17, instance:com.phunware.core.api.tests.Client@75bd9247]" name="verify_Put_Update_Invalid_Client" duration-ms="174" started-at="2017-04-24T22:45:15Z" finished-at="2017-04-24T22:45:15Z">
          <reporter-output>
          </reporter-output>
        </test-method> <!-- verify_Put_Update_Invalid_Client -->
        <test-method status="PASS" signature="verify_Delete_Client()[pri:18, instance:com.phunware.core.api.tests.Client@75bd9247]" name="verify_Delete_Client" duration-ms="182" started-at="2017-04-24T22:45:15Z" finished-at="2017-04-24T22:45:15Z">
          <reporter-output>
          </reporter-output>
        </test-method> <!-- verify_Delete_Client -->
      </class> <!-- com.phunware.core.api.tests.Client -->
      <class name="com.phunware.core.api.tests.Organization">
        <test-method status="PASS" signature="preTestSteps()[pri:0, instance:com.phunware.core.api.tests.Organization@7d417077]" name="preTestSteps" is-config="true" duration-ms="1" started-at="2017-04-24T22:45:15Z" finished-at="2017-04-24T22:45:15Z">
          <reporter-output>
          </reporter-output>
        </test-method> <!-- preTestSteps -->
        <test-method status="PASS" signature="verify_Get_Organization_Details()[pri:1, instance:com.phunware.core.api.tests.Organization@7d417077]" name="verify_Get_Organization_Details" duration-ms="232" started-at="2017-04-24T22:45:15Z" finished-at="2017-04-24T22:45:16Z">
          <reporter-output>
          </reporter-output>
        </test-method> <!-- verify_Get_Organization_Details -->
        <test-method status="PASS" signature="verify_Get_Organization_Details_InvalidOrgID()[pri:2, instance:com.phunware.core.api.tests.Organization@7d417077]" name="verify_Get_Organization_Details_InvalidOrgID" duration-ms="172" started-at="2017-04-24T22:45:16Z" finished-at="2017-04-24T22:45:16Z">
          <reporter-output>
          </reporter-output>
        </test-method> <!-- verify_Get_Organization_Details_InvalidOrgID -->
        <test-method status="PASS" signature="verify_Get_Organization_Details_InvalidAuthorization()[pri:3, instance:com.phunware.core.api.tests.Organization@7d417077]" name="verify_Get_Organization_Details_InvalidAuthorization" duration-ms="169" started-at="2017-04-24T22:45:16Z" finished-at="2017-04-24T22:45:16Z">
          <reporter-output>
          </reporter-output>
        </test-method> <!-- verify_Get_Organization_Details_InvalidAuthorization -->
        <test-method status="PASS" signature="verify_Get_Collection_Of_Organizations()[pri:4, instance:com.phunware.core.api.tests.Organization@7d417077]" name="verify_Get_Collection_Of_Organizations" duration-ms="401" started-at="2017-04-24T22:45:16Z" finished-at="2017-04-24T22:45:16Z">
          <reporter-output>
          </reporter-output>
        </test-method> <!-- verify_Get_Collection_Of_Organizations -->
        <test-method status="PASS" signature="verify_Get_Collection_Of_Organizations_NameWithEmptyString()[pri:5, instance:com.phunware.core.api.tests.Organization@7d417077]" name="verify_Get_Collection_Of_Organizations_NameWithEmptyString" duration-ms="228" started-at="2017-04-24T22:45:16Z" finished-at="2017-04-24T22:45:17Z">
          <reporter-output>
          </reporter-output>
        </test-method> <!-- verify_Get_Collection_Of_Organizations_NameWithEmptyString -->
        <test-method status="PASS" signature="verify_Get_Collection_Of_Organizations_Pagination()[pri:6, instance:com.phunware.core.api.tests.Organization@7d417077]" name="verify_Get_Collection_Of_Organizations_Pagination" duration-ms="443" started-at="2017-04-24T22:45:17Z" finished-at="2017-04-24T22:45:17Z">
          <reporter-output>
          </reporter-output>
        </test-method> <!-- verify_Get_Collection_Of_Organizations_Pagination -->
        <test-method status="PASS" signature="verify_Get_Collection_Of_Organizations_Pagination_EmptyName()[pri:7, instance:com.phunware.core.api.tests.Organization@7d417077]" name="verify_Get_Collection_Of_Organizations_Pagination_EmptyName" duration-ms="220" started-at="2017-04-24T22:45:17Z" finished-at="2017-04-24T22:45:17Z">
          <reporter-output>
          </reporter-output>
        </test-method> <!-- verify_Get_Collection_Of_Organizations_Pagination_EmptyName -->
        <test-method status="PASS" signature="verify_Post_Create_New_Organization()[pri:8, instance:com.phunware.core.api.tests.Organization@7d417077]" name="verify_Post_Create_New_Organization" duration-ms="281" started-at="2017-04-24T22:45:17Z" finished-at="2017-04-24T22:45:18Z">
          <reporter-output>
          </reporter-output>
        </test-method> <!-- verify_Post_Create_New_Organization -->
        <test-method status="PASS" signature="verify_Post_Create_New_Organization_EmptyName_InRequestBody()[pri:9, instance:com.phunware.core.api.tests.Organization@7d417077]" name="verify_Post_Create_New_Organization_EmptyName_InRequestBody" duration-ms="170" started-at="2017-04-24T22:45:18Z" finished-at="2017-04-24T22:45:18Z">
          <reporter-output>
          </reporter-output>
        </test-method> <!-- verify_Post_Create_New_Organization_EmptyName_InRequestBody -->
        <test-method status="PASS" signature="verify_Put_Update_Organization()[pri:10, instance:com.phunware.core.api.tests.Organization@7d417077]" name="verify_Put_Update_Organization" duration-ms="220" started-at="2017-04-24T22:45:18Z" finished-at="2017-04-24T22:45:18Z">
          <reporter-output>
          </reporter-output>
        </test-method> <!-- verify_Put_Update_Organization -->
        <test-method status="PASS" signature="verify_Put_Update_Organization_EmptyName_InRequestBody()[pri:11, instance:com.phunware.core.api.tests.Organization@7d417077]" name="verify_Put_Update_Organization_EmptyName_InRequestBody" duration-ms="176" started-at="2017-04-24T22:45:18Z" finished-at="2017-04-24T22:45:18Z">
          <reporter-output>
          </reporter-output>
        </test-method> <!-- verify_Put_Update_Organization_EmptyName_InRequestBody -->
        <test-method status="PASS" signature="verify_Put_Update_Organization_EmptyServices_InRequestBody()[pri:12, instance:com.phunware.core.api.tests.Organization@7d417077]" name="verify_Put_Update_Organization_EmptyServices_InRequestBody" duration-ms="239" started-at="2017-04-24T22:45:18Z" finished-at="2017-04-24T22:45:18Z">
          <reporter-output>
          </reporter-output>
        </test-method> <!-- verify_Put_Update_Organization_EmptyServices_InRequestBody -->
        <test-method status="PASS" signature="verify_Put_Update_Organization_InvalidOrganization()[pri:13, instance:com.phunware.core.api.tests.Organization@7d417077]" name="verify_Put_Update_Organization_InvalidOrganization" duration-ms="167" started-at="2017-04-24T22:45:18Z" finished-at="2017-04-24T22:45:19Z">
          <reporter-output>
          </reporter-output>
        </test-method> <!-- verify_Put_Update_Organization_InvalidOrganization -->
        <test-method status="PASS" signature="verify_Delete_ExistingOrganization()[pri:14, instance:com.phunware.core.api.tests.Organization@7d417077]" name="verify_Delete_ExistingOrganization" duration-ms="172" started-at="2017-04-24T22:45:19Z" finished-at="2017-04-24T22:45:19Z">
          <reporter-output>
          </reporter-output>
        </test-method> <!-- verify_Delete_ExistingOrganization -->
      </class> <!-- com.phunware.core.api.tests.Organization -->
    </test> <!-- CORE API Tests -->
  </suite> <!-- CORE API TEST SUITE -->
</testng-results>
